Determining if the pthread_create exist failed with the following output:
Change Dir: /home/avengineers/ROS/catkin_ws/build/CMakeFiles/CMakeTmp

Run Build Command:/usr/bin/make "cmTryCompileExec236133944/fast"
/usr/bin/make -f CMakeFiles/cmTryCompileExec236133944.dir/build.make CMakeFiles/cmTryCompileExec236133944.dir/build
make[1]: Entering directory `/home/avengineers/ROS/catkin_ws/build/CMakeFiles/CMakeTmp'
/usr/bin/cmake -E cmake_progress_report /home/avengineers/ROS/catkin_ws/build/CMakeFiles/CMakeTmp/CMakeFiles 1
Building C object CMakeFiles/cmTryCompileExec236133944.dir/CheckSymbolExists.c.o
/usr/bin/cc    -o CMakeFiles/cmTryCompileExec236133944.dir/CheckSymbolExists.c.o   -c /home/avengineers/ROS/catkin_ws/build/CMakeFiles/CMakeTmp/CheckSymbolExists.c
Linking C executable cmTryCompileExec236133944
/usr/bin/cmake -E cmake_link_script CMakeFiles/cmTryCompileExec236133944.dir/link.txt --verbose=1
/usr/bin/cc       CMakeFiles/cmTryCompileExec236133944.dir/CheckSymbolExists.c.o  -o cmTryCompileExec236133944 -rdynamic 
CMakeFiles/cmTryCompileExec236133944.dir/CheckSymbolExists.c.o: In function `main':
CheckSymbolExists.c:(.text+0xa): undefined reference to `pthread_create'
collect2: error: ld returned 1 exit status
make[1]: Leaving directory `/home/avengineers/ROS/catkin_ws/build/CMakeFiles/CMakeTmp'
make[1]: *** [cmTryCompileExec236133944] Error 1
make: *** [cmTryCompileExec236133944/fast] Error 2

File /home/avengineers/ROS/catkin_ws/build/CMakeFiles/CMakeTmp/CheckSymbolExists.c:
/* */
#include <pthread.h>

int main(int argc, char** argv)
{
  (void)argv;
#ifndef pthread_create
  return ((int*)(&pthread_create))[argc];
#else
  (void)argc;
  return 0;
#endif
}

Determining if the function pthread_create exists in the pthreads failed with the following output:
Change Dir: /home/avengineers/ROS/catkin_ws/build/CMakeFiles/CMakeTmp

Run Build Command:/usr/bin/make "cmTryCompileExec1257241064/fast"
/usr/bin/make -f CMakeFiles/cmTryCompileExec1257241064.dir/build.make CMakeFiles/cmTryCompileExec1257241064.dir/build
make[1]: Entering directory `/home/avengineers/ROS/catkin_ws/build/CMakeFiles/CMakeTmp'
/usr/bin/cmake -E cmake_progress_report /home/avengineers/ROS/catkin_ws/build/CMakeFiles/CMakeTmp/CMakeFiles 1
Building C object CMakeFiles/cmTryCompileExec1257241064.dir/CheckFunctionExists.c.o
/usr/bin/cc   -DCHECK_FUNCTION_EXISTS=pthread_create   -o CMakeFiles/cmTryCompileExec1257241064.dir/CheckFunctionExists.c.o   -c /usr/share/cmake-2.8/Modules/CheckFunctionExists.c
Linking C executable cmTryCompileExec1257241064
/usr/bin/cmake -E cmake_link_script CMakeFiles/cmTryCompileExec1257241064.dir/link.txt --verbose=1
/usr/bin/cc   -DCHECK_FUNCTION_EXISTS=pthread_create    CMakeFiles/cmTryCompileExec1257241064.dir/CheckFunctionExists.c.o  -o cmTryCompileExec1257241064 -rdynamic -lpthreads 
/usr/bin/ld: cannot find -lpthreads
collect2: error: ld returned 1 exit status
make[1]: Leaving directory `/home/avengineers/ROS/catkin_ws/build/CMakeFiles/CMakeTmp'
make[1]: *** [cmTryCompileExec1257241064] Error 1
make: *** [cmTryCompileExec1257241064/fast] Error 2


